Connecting to database specified by database.yml
Connecting to database specified by database.yml
  [1m[36m (0.2ms)[0m  [1mselect sqlite_version(*)[0m
  [1m[35m (1.3ms)[0m  CREATE TABLE "schema_migrations" ("version" varchar(255) NOT NULL) 
  [1m[36m (0.0ms)[0m  [1mPRAGMA index_list("schema_migrations")[0m
  [1m[35m (1.0ms)[0m  CREATE UNIQUE INDEX "unique_schema_migrations" ON "schema_migrations" ("version")
  [1m[36m (0.1ms)[0m  [1mSELECT "schema_migrations"."version" FROM "schema_migrations" [0m
Migrating to CreateUsers (20120919182107)
  [1m[35m (0.1ms)[0m  begin transaction
  [1m[36m (0.6ms)[0m  [1mCREATE TABLE "users" ("id" INTEGER PRIMARY KEY AUTOINCREMENT NOT NULL, "name" varchar(255), "email" varchar(255), "created_at" datetime NOT NULL, "updated_at" datetime NOT NULL) [0m
  [1m[35m (0.2ms)[0m  INSERT INTO "schema_migrations" ("version") VALUES ('20120919182107')
  [1m[36m (0.9ms)[0m  [1mcommit transaction[0m
  [1m[35m (0.3ms)[0m  select sqlite_version(*)
  [1m[36m (0.1ms)[0m  [1mSELECT "schema_migrations"."version" FROM "schema_migrations" [0m
  [1m[35m (0.0ms)[0m  PRAGMA index_list("users")


Started GET "/assets/rails.png" for 127.0.0.1 at 2012-09-19 19:22:37 +0100
Connecting to database specified by database.yml
Served asset /rails.png - 200 OK (16ms)


Started GET "/users" for 127.0.0.1 at 2012-09-19 19:24:44 +0100
Processing by UsersController#index as HTML
  [1m[36mUser Load (0.1ms)[0m  [1mSELECT "users".* FROM "users" [0m
  Rendered users/index.html.erb within layouts/application (4.4ms)
Compiled scaffolds.css  (33ms)  (pid 12985)
Compiled users.css  (3ms)  (pid 12985)
Compiled application.css  (97ms)  (pid 12985)
Compiled jquery.js  (8ms)  (pid 12985)
Compiled jquery_ujs.js  (0ms)  (pid 12985)
Compiled users.js  (117ms)  (pid 12985)
Compiled application.js  (217ms)  (pid 12985)
Completed 200 OK in 556ms (Views: 488.0ms | ActiveRecord: 2.8ms)


Started GET "/assets/jquery_ujs.js?body=1" for 127.0.0.1 at 2012-09-19 19:24:44 +0100
Served asset /jquery_ujs.js - 200 OK (3ms)


Started GET "/assets/jquery.js?body=1" for 127.0.0.1 at 2012-09-19 19:24:44 +0100
Served asset /jquery.js - 200 OK (40ms)


Started GET "/assets/application.css?body=1" for 127.0.0.1 at 2012-09-19 19:24:44 +0100
Served asset /application.css - 200 OK (6ms)


Started GET "/assets/users.css?body=1" for 127.0.0.1 at 2012-09-19 19:24:44 +0100
Served asset /users.css - 200 OK (2ms)


Started GET "/assets/users.js?body=1" for 127.0.0.1 at 2012-09-19 19:24:44 +0100
Served asset /users.js - 200 OK (2ms)


Started GET "/assets/scaffolds.css?body=1" for 127.0.0.1 at 2012-09-19 19:24:44 +0100
Served asset /scaffolds.css - 200 OK (3ms)


Started GET "/assets/application.js?body=1" for 127.0.0.1 at 2012-09-19 19:24:44 +0100
Served asset /application.js - 200 OK (15ms)


Started GET "/users/new" for 127.0.0.1 at 2012-09-19 19:24:47 +0100
Processing by UsersController#new as HTML
  Rendered users/_form.html.erb (17.1ms)
  Rendered users/new.html.erb within layouts/application (36.0ms)
Completed 200 OK in 55ms (Views: 44.9ms | ActiveRecord: 0.0ms)


Started POST "/users" for 127.0.0.1 at 2012-09-19 19:25:07 +0100
Processing by UsersController#create as HTML
  Parameters: {"utf8"=>"✓", "authenticity_token"=>"xGmoG2rMWqOPfGjASgEealKdFT+/YJdUENaDUh6VJls=", "user"=>{"name"=>"steve", "email"=>"steve.sizer@gmail.com"}, "commit"=>"Create User"}
  [1m[35m (0.1ms)[0m  begin transaction
  [1m[36mSQL (20.0ms)[0m  [1mINSERT INTO "users" ("created_at", "email", "name", "updated_at") VALUES (?, ?, ?, ?)[0m  [["created_at", Wed, 19 Sep 2012 18:25:07 UTC +00:00], ["email", "steve.sizer@gmail.com"], ["name", "steve"], ["updated_at", Wed, 19 Sep 2012 18:25:07 UTC +00:00]]
  [1m[35m (2.2ms)[0m  commit transaction
Redirected to http://localhost:3000/users/1
Completed 302 Found in 34ms (ActiveRecord: 22.3ms)


Started GET "/users/1" for 127.0.0.1 at 2012-09-19 19:25:07 +0100
Processing by UsersController#show as HTML
  Parameters: {"id"=>"1"}
  [1m[36mUser Load (0.4ms)[0m  [1mSELECT "users".* FROM "users" WHERE "users"."id" = ? LIMIT 1[0m  [["id", "1"]]
  Rendered users/show.html.erb within layouts/application (2.2ms)
Completed 200 OK in 14ms (Views: 10.2ms | ActiveRecord: 0.4ms)


Started GET "/assets/users.css?body=1" for 127.0.0.1 at 2012-09-19 19:25:07 +0100
Served asset /users.css - 304 Not Modified (0ms)


Started GET "/assets/users.js?body=1" for 127.0.0.1 at 2012-09-19 19:25:07 +0100
Served asset /users.js - 304 Not Modified (0ms)


Started GET "/assets/scaffolds.css?body=1" for 127.0.0.1 at 2012-09-19 19:25:07 +0100
Served asset /scaffolds.css - 304 Not Modified (0ms)


Started GET "/users/1/edit" for 127.0.0.1 at 2012-09-19 19:25:35 +0100
Processing by UsersController#edit as HTML
  Parameters: {"id"=>"1"}
  [1m[35mUser Load (0.3ms)[0m  SELECT "users".* FROM "users" WHERE "users"."id" = ? LIMIT 1  [["id", "1"]]
  Rendered users/_form.html.erb (4.9ms)
  Rendered users/edit.html.erb within layouts/application (8.4ms)
Completed 200 OK in 41ms (Views: 36.7ms | ActiveRecord: 0.3ms)


Started GET "/assets/scaffolds.css?body=1" for 127.0.0.1 at 2012-09-19 19:25:35 +0100
Served asset /scaffolds.css - 304 Not Modified (0ms)


Started GET "/assets/users.css?body=1" for 127.0.0.1 at 2012-09-19 19:25:35 +0100
Served asset /users.css - 304 Not Modified (0ms)


Started GET "/assets/users.js?body=1" for 127.0.0.1 at 2012-09-19 19:25:36 +0100
Served asset /users.js - 304 Not Modified (0ms)


Started PUT "/users/1" for 127.0.0.1 at 2012-09-19 19:25:50 +0100
Processing by UsersController#update as HTML
  Parameters: {"utf8"=>"✓", "authenticity_token"=>"xGmoG2rMWqOPfGjASgEealKdFT+/YJdUENaDUh6VJls=", "user"=>{"name"=>"stevey", "email"=>"steve.sizer@gmail.com"}, "commit"=>"Update User", "id"=>"1"}
  [1m[36mUser Load (0.2ms)[0m  [1mSELECT "users".* FROM "users" WHERE "users"."id" = ? LIMIT 1[0m  [["id", "1"]]
  [1m[35m (0.1ms)[0m  begin transaction
  [1m[36m (3.7ms)[0m  [1mUPDATE "users" SET "name" = 'stevey', "updated_at" = '2012-09-19 18:25:50.257607' WHERE "users"."id" = 1[0m
  [1m[35m (2.4ms)[0m  commit transaction
Redirected to http://localhost:3000/users/1
Completed 302 Found in 13ms (ActiveRecord: 6.3ms)


Started GET "/users/1" for 127.0.0.1 at 2012-09-19 19:25:50 +0100
Processing by UsersController#show as HTML
  Parameters: {"id"=>"1"}
  [1m[36mUser Load (0.2ms)[0m  [1mSELECT "users".* FROM "users" WHERE "users"."id" = ? LIMIT 1[0m  [["id", "1"]]
  Rendered users/show.html.erb within layouts/application (0.9ms)
Completed 200 OK in 11ms (Views: 9.4ms | ActiveRecord: 0.2ms)


Started GET "/assets/scaffolds.css?body=1" for 127.0.0.1 at 2012-09-19 19:25:50 +0100
Served asset /scaffolds.css - 304 Not Modified (0ms)


Started GET "/assets/users.css?body=1" for 127.0.0.1 at 2012-09-19 19:25:50 +0100
Served asset /users.css - 304 Not Modified (0ms)


Started GET "/assets/users.js?body=1" for 127.0.0.1 at 2012-09-19 19:25:50 +0100
Served asset /users.js - 304 Not Modified (0ms)


Started GET "/users" for 127.0.0.1 at 2012-09-19 19:25:52 +0100
Processing by UsersController#index as HTML
  [1m[35mUser Load (0.4ms)[0m  SELECT "users".* FROM "users" 
  Rendered users/index.html.erb within layouts/application (2.1ms)
Completed 200 OK in 15ms (Views: 12.7ms | ActiveRecord: 0.4ms)


Started GET "/assets/users.css?body=1" for 127.0.0.1 at 2012-09-19 19:25:52 +0100
Served asset /users.css - 304 Not Modified (0ms)


Started GET "/assets/users.js?body=1" for 127.0.0.1 at 2012-09-19 19:25:52 +0100
Served asset /users.js - 304 Not Modified (0ms)


Started GET "/assets/scaffolds.css?body=1" for 127.0.0.1 at 2012-09-19 19:25:52 +0100
Served asset /scaffolds.css - 304 Not Modified (0ms)


Started GET "/users/new" for 127.0.0.1 at 2012-09-19 19:26:39 +0100
Processing by UsersController#new as HTML
  Rendered users/_form.html.erb (8.5ms)
  Rendered users/new.html.erb within layouts/application (10.0ms)
Completed 200 OK in 21ms (Views: 19.6ms | ActiveRecord: 0.0ms)


Started GET "/assets/scaffolds.css?body=1" for 127.0.0.1 at 2012-09-19 19:26:39 +0100
Served asset /scaffolds.css - 304 Not Modified (0ms)


Started GET "/assets/users.js?body=1" for 127.0.0.1 at 2012-09-19 19:26:39 +0100
Served asset /users.js - 304 Not Modified (0ms)


Started GET "/assets/users.css?body=1" for 127.0.0.1 at 2012-09-19 19:26:39 +0100
Served asset /users.css - 304 Not Modified (0ms)


Started POST "/users" for 127.0.0.1 at 2012-09-19 19:26:56 +0100
Processing by UsersController#create as HTML
  Parameters: {"utf8"=>"✓", "authenticity_token"=>"xGmoG2rMWqOPfGjASgEealKdFT+/YJdUENaDUh6VJls=", "user"=>{"name"=>"Riley", "email"=>"demo@example.com"}, "commit"=>"Create User"}
  [1m[36m (0.2ms)[0m  [1mbegin transaction[0m
  [1m[35mSQL (0.8ms)[0m  INSERT INTO "users" ("created_at", "email", "name", "updated_at") VALUES (?, ?, ?, ?)  [["created_at", Wed, 19 Sep 2012 18:26:56 UTC +00:00], ["email", "demo@example.com"], ["name", "Riley"], ["updated_at", Wed, 19 Sep 2012 18:26:56 UTC +00:00]]
  [1m[36m (4.2ms)[0m  [1mcommit transaction[0m
Redirected to http://localhost:3000/users/2
Completed 302 Found in 10ms (ActiveRecord: 5.2ms)


Started GET "/users/2" for 127.0.0.1 at 2012-09-19 19:26:56 +0100
Processing by UsersController#show as HTML
  Parameters: {"id"=>"2"}
  [1m[35mUser Load (0.2ms)[0m  SELECT "users".* FROM "users" WHERE "users"."id" = ? LIMIT 1  [["id", "2"]]
  Rendered users/show.html.erb within layouts/application (1.0ms)
Completed 200 OK in 11ms (Views: 9.5ms | ActiveRecord: 0.2ms)


Started GET "/assets/scaffolds.css?body=1" for 127.0.0.1 at 2012-09-19 19:26:56 +0100
Served asset /scaffolds.css - 304 Not Modified (0ms)


Started GET "/assets/users.js?body=1" for 127.0.0.1 at 2012-09-19 19:26:56 +0100
Served asset /users.js - 304 Not Modified (0ms)


Started GET "/assets/users.css?body=1" for 127.0.0.1 at 2012-09-19 19:26:56 +0100
Served asset /users.css - 304 Not Modified (0ms)


Started GET "/users" for 127.0.0.1 at 2012-09-19 19:27:03 +0100
Processing by UsersController#index as HTML
  [1m[36mUser Load (0.2ms)[0m  [1mSELECT "users".* FROM "users" [0m
  Rendered users/index.html.erb within layouts/application (4.5ms)
Completed 200 OK in 18ms (Views: 16.7ms | ActiveRecord: 0.2ms)


Started GET "/assets/scaffolds.css?body=1" for 127.0.0.1 at 2012-09-19 19:27:04 +0100
Served asset /scaffolds.css - 304 Not Modified (0ms)


Started GET "/assets/users.css?body=1" for 127.0.0.1 at 2012-09-19 19:27:04 +0100
Served asset /users.css - 304 Not Modified (0ms)


Started GET "/assets/users.js?body=1" for 127.0.0.1 at 2012-09-19 19:27:04 +0100
Served asset /users.js - 304 Not Modified (0ms)


Started DELETE "/users/2" for 127.0.0.1 at 2012-09-19 19:27:48 +0100
Processing by UsersController#destroy as HTML
  Parameters: {"authenticity_token"=>"xGmoG2rMWqOPfGjASgEealKdFT+/YJdUENaDUh6VJls=", "id"=>"2"}
  [1m[35mUser Load (0.3ms)[0m  SELECT "users".* FROM "users" WHERE "users"."id" = ? LIMIT 1  [["id", "2"]]
  [1m[36m (0.1ms)[0m  [1mbegin transaction[0m
  [1m[35mSQL (1.2ms)[0m  DELETE FROM "users" WHERE "users"."id" = ?  [["id", 2]]
  [1m[36m (1.8ms)[0m  [1mcommit transaction[0m
Redirected to http://localhost:3000/users
Completed 302 Found in 9ms (ActiveRecord: 3.5ms)


Started GET "/users" for 127.0.0.1 at 2012-09-19 19:27:48 +0100
Processing by UsersController#index as HTML
  [1m[35mUser Load (0.2ms)[0m  SELECT "users".* FROM "users" 
  Rendered users/index.html.erb within layouts/application (2.1ms)
Completed 200 OK in 11ms (Views: 10.1ms | ActiveRecord: 0.2ms)


Started GET "/assets/users.js?body=1" for 127.0.0.1 at 2012-09-19 19:27:48 +0100
Served asset /users.js - 304 Not Modified (0ms)


Started GET "/assets/users.css?body=1" for 127.0.0.1 at 2012-09-19 19:27:48 +0100
Served asset /users.css - 304 Not Modified (0ms)


Started GET "/assets/scaffolds.css?body=1" for 127.0.0.1 at 2012-09-19 19:27:49 +0100
Served asset /scaffolds.css - 304 Not Modified (0ms)
Connecting to database specified by database.yml
Connecting to database specified by database.yml
  [1m[36m (0.1ms)[0m  [1mSELECT "schema_migrations"."version" FROM "schema_migrations" [0m
Migrating to CreateUsers (20120919182107)
Migrating to CreateMicroposts (20120919183800)
  [1m[35m (0.1ms)[0m  select sqlite_version(*)
  [1m[36m (0.1ms)[0m  [1mbegin transaction[0m
  [1m[35m (0.8ms)[0m  CREATE TABLE "microposts" ("id" INTEGER PRIMARY KEY AUTOINCREMENT NOT NULL, "content" varchar(255), "user_id" integer, "created_at" datetime NOT NULL, "updated_at" datetime NOT NULL) 
  [1m[36m (0.2ms)[0m  [1mINSERT INTO "schema_migrations" ("version") VALUES ('20120919183800')[0m
  [1m[35m (1.0ms)[0m  commit transaction
  [1m[36m (0.4ms)[0m  [1mselect sqlite_version(*)[0m
  [1m[35m (0.5ms)[0m  SELECT "schema_migrations"."version" FROM "schema_migrations" 
  [1m[36m (0.1ms)[0m  [1mPRAGMA index_list("microposts")[0m
  [1m[35m (0.0ms)[0m  PRAGMA index_list("users")


Started GET "/microposts" for 127.0.0.1 at 2012-09-19 19:40:47 +0100
Connecting to database specified by database.yml
Processing by MicropostsController#index as HTML
  [1m[36mMicropost Load (0.1ms)[0m  [1mSELECT "microposts".* FROM "microposts" [0m
  Rendered microposts/index.html.erb within layouts/application (4.0ms)
Compiled microposts.css  (7ms)  (pid 13145)
Compiled application.css  (23ms)  (pid 13145)
Compiled microposts.js  (130ms)  (pid 13145)
Compiled application.js  (148ms)  (pid 13145)
Completed 200 OK in 339ms (Views: 275.5ms | ActiveRecord: 2.9ms)


Started GET "/assets/scaffolds.css?body=1" for 127.0.0.1 at 2012-09-19 19:40:47 +0100
Served asset /scaffolds.css - 304 Not Modified (3ms)


Started GET "/assets/users.css?body=1" for 127.0.0.1 at 2012-09-19 19:40:47 +0100
Served asset /users.css - 304 Not Modified (2ms)


Started GET "/assets/microposts.css?body=1" for 127.0.0.1 at 2012-09-19 19:40:47 +0100
Served asset /microposts.css - 200 OK (2ms)


Started GET "/assets/microposts.js?body=1" for 127.0.0.1 at 2012-09-19 19:40:47 +0100
Served asset /microposts.js - 200 OK (2ms)


Started GET "/assets/users.js?body=1" for 127.0.0.1 at 2012-09-19 19:40:47 +0100
Served asset /users.js - 304 Not Modified (6ms)


Started GET "/microposts/new" for 127.0.0.1 at 2012-09-19 19:40:50 +0100
Processing by MicropostsController#new as HTML
  Rendered microposts/_form.html.erb (17.9ms)
  Rendered microposts/new.html.erb within layouts/application (33.3ms)
Completed 200 OK in 56ms (Views: 42.9ms | ActiveRecord: 0.0ms)


Started GET "/assets/scaffolds.css?body=1" for 127.0.0.1 at 2012-09-19 19:40:50 +0100
Served asset /scaffolds.css - 304 Not Modified (0ms)


Started GET "/assets/users.css?body=1" for 127.0.0.1 at 2012-09-19 19:40:50 +0100
Served asset /users.css - 304 Not Modified (0ms)


Started GET "/assets/users.js?body=1" for 127.0.0.1 at 2012-09-19 19:40:50 +0100
Served asset /users.js - 304 Not Modified (0ms)


Started POST "/microposts" for 127.0.0.1 at 2012-09-19 19:41:00 +0100
Processing by MicropostsController#create as HTML
  Parameters: {"utf8"=>"✓", "authenticity_token"=>"xGmoG2rMWqOPfGjASgEealKdFT+/YJdUENaDUh6VJls=", "micropost"=>{"content"=>"this is a simple test", "user_id"=>"1"}, "commit"=>"Create Micropost"}
  [1m[35m (0.1ms)[0m  begin transaction
  [1m[36mSQL (11.4ms)[0m  [1mINSERT INTO "microposts" ("content", "created_at", "updated_at", "user_id") VALUES (?, ?, ?, ?)[0m  [["content", "this is a simple test"], ["created_at", Wed, 19 Sep 2012 18:41:00 UTC +00:00], ["updated_at", Wed, 19 Sep 2012 18:41:00 UTC +00:00], ["user_id", 1]]
  [1m[35m (4.7ms)[0m  commit transaction
Redirected to http://localhost:3000/microposts/1
Completed 302 Found in 28ms (ActiveRecord: 16.2ms)


Started GET "/microposts/1" for 127.0.0.1 at 2012-09-19 19:41:00 +0100
Processing by MicropostsController#show as HTML
  Parameters: {"id"=>"1"}
  [1m[36mMicropost Load (0.3ms)[0m  [1mSELECT "microposts".* FROM "microposts" WHERE "microposts"."id" = ? LIMIT 1[0m  [["id", "1"]]
  Rendered microposts/show.html.erb within layouts/application (2.0ms)
Completed 200 OK in 16ms (Views: 12.2ms | ActiveRecord: 0.3ms)


Started GET "/assets/scaffolds.css?body=1" for 127.0.0.1 at 2012-09-19 19:41:00 +0100
Served asset /scaffolds.css - 304 Not Modified (0ms)


Started GET "/assets/users.js?body=1" for 127.0.0.1 at 2012-09-19 19:41:00 +0100
Served asset /users.js - 304 Not Modified (0ms)


Started GET "/assets/users.css?body=1" for 127.0.0.1 at 2012-09-19 19:41:00 +0100
Served asset /users.css - 304 Not Modified (0ms)


Started GET "/microposts" for 127.0.0.1 at 2012-09-19 19:41:02 +0100
Processing by MicropostsController#index as HTML
  [1m[35mMicropost Load (0.2ms)[0m  SELECT "microposts".* FROM "microposts" 
  Rendered microposts/index.html.erb within layouts/application (2.1ms)
Completed 200 OK in 27ms (Views: 25.7ms | ActiveRecord: 0.2ms)


Started GET "/assets/scaffolds.css?body=1" for 127.0.0.1 at 2012-09-19 19:41:02 +0100
Served asset /scaffolds.css - 304 Not Modified (0ms)


Started GET "/assets/users.css?body=1" for 127.0.0.1 at 2012-09-19 19:41:02 +0100
Served asset /users.css - 304 Not Modified (0ms)


Started GET "/assets/users.js?body=1" for 127.0.0.1 at 2012-09-19 19:41:02 +0100
Served asset /users.js - 304 Not Modified (0ms)


Started GET "/microposts/new" for 127.0.0.1 at 2012-09-19 19:41:37 +0100
Processing by MicropostsController#new as HTML
  Rendered microposts/_form.html.erb (6.5ms)
  Rendered microposts/new.html.erb within layouts/application (8.0ms)
Completed 200 OK in 19ms (Views: 18.5ms | ActiveRecord: 0.0ms)


Started GET "/assets/microposts.css?body=1" for 127.0.0.1 at 2012-09-19 19:41:37 +0100
Served asset /microposts.css - 304 Not Modified (0ms)


Started GET "/assets/users.js?body=1" for 127.0.0.1 at 2012-09-19 19:41:37 +0100
Served asset /users.js - 304 Not Modified (0ms)


Started GET "/assets/microposts.js?body=1" for 127.0.0.1 at 2012-09-19 19:41:37 +0100
Served asset /microposts.js - 304 Not Modified (0ms)


Started GET "/assets/scaffolds.css?body=1" for 127.0.0.1 at 2012-09-19 19:41:37 +0100
Served asset /scaffolds.css - 304 Not Modified (0ms)


Started GET "/assets/users.css?body=1" for 127.0.0.1 at 2012-09-19 19:41:37 +0100
Served asset /users.css - 304 Not Modified (0ms)


Started POST "/microposts" for 127.0.0.1 at 2012-09-19 19:41:51 +0100
Processing by MicropostsController#create as HTML
  Parameters: {"utf8"=>"✓", "authenticity_token"=>"xGmoG2rMWqOPfGjASgEealKdFT+/YJdUENaDUh6VJls=", "micropost"=>{"content"=>"this is my second post", "user_id"=>"1"}, "commit"=>"Create Micropost"}
  [1m[36m (0.1ms)[0m  [1mbegin transaction[0m
  [1m[35mSQL (1.2ms)[0m  INSERT INTO "microposts" ("content", "created_at", "updated_at", "user_id") VALUES (?, ?, ?, ?)  [["content", "this is my second post"], ["created_at", Wed, 19 Sep 2012 18:41:51 UTC +00:00], ["updated_at", Wed, 19 Sep 2012 18:41:51 UTC +00:00], ["user_id", 1]]
  [1m[36m (3.5ms)[0m  [1mcommit transaction[0m
Redirected to http://localhost:3000/microposts/2
Completed 302 Found in 9ms (ActiveRecord: 4.9ms)


Started GET "/microposts/2" for 127.0.0.1 at 2012-09-19 19:41:51 +0100
Processing by MicropostsController#show as HTML
  Parameters: {"id"=>"2"}
  [1m[35mMicropost Load (0.2ms)[0m  SELECT "microposts".* FROM "microposts" WHERE "microposts"."id" = ? LIMIT 1  [["id", "2"]]
  Rendered microposts/show.html.erb within layouts/application (1.4ms)
Completed 200 OK in 13ms (Views: 11.8ms | ActiveRecord: 0.2ms)


Started GET "/assets/scaffolds.css?body=1" for 127.0.0.1 at 2012-09-19 19:41:51 +0100
Served asset /scaffolds.css - 304 Not Modified (0ms)


Started GET "/assets/microposts.css?body=1" for 127.0.0.1 at 2012-09-19 19:41:51 +0100
Served asset /microposts.css - 304 Not Modified (0ms)


Started GET "/assets/users.css?body=1" for 127.0.0.1 at 2012-09-19 19:41:51 +0100
Served asset /users.css - 304 Not Modified (0ms)


Started GET "/assets/microposts.js?body=1" for 127.0.0.1 at 2012-09-19 19:41:51 +0100
Served asset /microposts.js - 304 Not Modified (0ms)


Started GET "/assets/users.js?body=1" for 127.0.0.1 at 2012-09-19 19:41:52 +0100
Served asset /users.js - 304 Not Modified (0ms)


Started GET "/microposts" for 127.0.0.1 at 2012-09-19 19:41:53 +0100
Processing by MicropostsController#index as HTML
  [1m[36mMicropost Load (0.2ms)[0m  [1mSELECT "microposts".* FROM "microposts" [0m
  Rendered microposts/index.html.erb within layouts/application (9.6ms)
Completed 200 OK in 31ms (Views: 29.6ms | ActiveRecord: 0.2ms)


Started GET "/assets/microposts.css?body=1" for 127.0.0.1 at 2012-09-19 19:41:53 +0100
Served asset /microposts.css - 304 Not Modified (0ms)


Started GET "/assets/scaffolds.css?body=1" for 127.0.0.1 at 2012-09-19 19:41:53 +0100
Served asset /scaffolds.css - 304 Not Modified (0ms)


Started GET "/assets/users.js?body=1" for 127.0.0.1 at 2012-09-19 19:41:53 +0100
Served asset /users.js - 304 Not Modified (0ms)


Started GET "/assets/microposts.js?body=1" for 127.0.0.1 at 2012-09-19 19:41:53 +0100
Served asset /microposts.js - 304 Not Modified (0ms)


Started GET "/assets/users.css?body=1" for 127.0.0.1 at 2012-09-19 19:41:53 +0100
Served asset /users.css - 304 Not Modified (0ms)


Started GET "/microposts/new" for 127.0.0.1 at 2012-09-19 19:43:50 +0100
Processing by MicropostsController#new as HTML
  Rendered microposts/_form.html.erb (5.8ms)
  Rendered microposts/new.html.erb within layouts/application (7.2ms)
Completed 200 OK in 29ms (Views: 17.4ms | ActiveRecord: 0.7ms)


Started GET "/assets/microposts.css?body=1" for 127.0.0.1 at 2012-09-19 19:43:50 +0100
Served asset /microposts.css - 304 Not Modified (0ms)


Started GET "/assets/application.css?body=1" for 127.0.0.1 at 2012-09-19 19:43:50 +0100
Served asset /application.css - 304 Not Modified (20ms)


Started GET "/assets/users.css?body=1" for 127.0.0.1 at 2012-09-19 19:43:50 +0100
Served asset /users.css - 304 Not Modified (0ms)


Started GET "/assets/users.js?body=1" for 127.0.0.1 at 2012-09-19 19:43:50 +0100
Served asset /users.js - 304 Not Modified (0ms)


Started GET "/assets/scaffolds.css?body=1" for 127.0.0.1 at 2012-09-19 19:43:50 +0100
Served asset /scaffolds.css - 304 Not Modified (0ms)


Started GET "/assets/microposts.js?body=1" for 127.0.0.1 at 2012-09-19 19:43:50 +0100
Served asset /microposts.js - 304 Not Modified (0ms)


Started GET "/assets/application.js?body=1" for 127.0.0.1 at 2012-09-19 19:43:50 +0100
Served asset /application.js - 304 Not Modified (23ms)


Started POST "/microposts" for 127.0.0.1 at 2012-09-19 19:43:59 +0100
Processing by MicropostsController#create as HTML
  Parameters: {"utf8"=>"✓", "authenticity_token"=>"xGmoG2rMWqOPfGjASgEealKdFT+/YJdUENaDUh6VJls=", "micropost"=>{"content"=>"dasfasfsfd fkdsafj  djfkjdaskjfladj fkdasfkdaksfjads lfkakskf sj kljsakkajfk f", "user_id"=>"2"}, "commit"=>"Create Micropost"}
  [1m[35m (0.1ms)[0m  begin transaction
  [1m[36mSQL (0.8ms)[0m  [1mINSERT INTO "microposts" ("content", "created_at", "updated_at", "user_id") VALUES (?, ?, ?, ?)[0m  [["content", "dasfasfsfd fkdsafj  djfkjdaskjfladj fkdasfkdaksfjads lfkakskf sj kljsakkajfk f"], ["created_at", Wed, 19 Sep 2012 18:43:59 UTC +00:00], ["updated_at", Wed, 19 Sep 2012 18:43:59 UTC +00:00], ["user_id", 2]]
  [1m[35m (2.1ms)[0m  commit transaction
Redirected to http://localhost:3000/microposts/3
Completed 302 Found in 11ms (ActiveRecord: 2.9ms)


Started GET "/microposts/3" for 127.0.0.1 at 2012-09-19 19:43:59 +0100
Processing by MicropostsController#show as HTML
  Parameters: {"id"=>"3"}
  [1m[36mMicropost Load (0.3ms)[0m  [1mSELECT "microposts".* FROM "microposts" WHERE "microposts"."id" = ? LIMIT 1[0m  [["id", "3"]]
  Rendered microposts/show.html.erb within layouts/application (1.2ms)
Completed 200 OK in 14ms (Views: 11.8ms | ActiveRecord: 0.3ms)


Started GET "/assets/application.css?body=1" for 127.0.0.1 at 2012-09-19 19:43:59 +0100
Served asset /application.css - 304 Not Modified (0ms)


Started GET "/assets/users.css?body=1" for 127.0.0.1 at 2012-09-19 19:43:59 +0100
Served asset /users.css - 304 Not Modified (0ms)


Started GET "/assets/microposts.js?body=1" for 127.0.0.1 at 2012-09-19 19:43:59 +0100
Served asset /microposts.js - 304 Not Modified (0ms)


Started GET "/assets/users.js?body=1" for 127.0.0.1 at 2012-09-19 19:43:59 +0100
Served asset /users.js - 304 Not Modified (0ms)


Started GET "/assets/microposts.css?body=1" for 127.0.0.1 at 2012-09-19 19:43:59 +0100
Served asset /microposts.css - 304 Not Modified (0ms)


Started GET "/assets/application.js?body=1" for 127.0.0.1 at 2012-09-19 19:43:59 +0100
Served asset /application.js - 304 Not Modified (0ms)


Started GET "/assets/scaffolds.css?body=1" for 127.0.0.1 at 2012-09-19 19:43:59 +0100
Served asset /scaffolds.css - 304 Not Modified (0ms)


Started GET "/microposts" for 127.0.0.1 at 2012-09-19 19:44:09 +0100
Processing by MicropostsController#index as HTML
  [1m[35mMicropost Load (0.3ms)[0m  SELECT "microposts".* FROM "microposts" 
  Rendered microposts/index.html.erb within layouts/application (7.1ms)
Completed 200 OK in 25ms (Views: 22.7ms | ActiveRecord: 0.3ms)


Started GET "/assets/application.css?body=1" for 127.0.0.1 at 2012-09-19 19:44:09 +0100
Served asset /application.css - 304 Not Modified (0ms)


Started GET "/assets/microposts.js?body=1" for 127.0.0.1 at 2012-09-19 19:44:09 +0100
Served asset /microposts.js - 304 Not Modified (0ms)


Started GET "/assets/scaffolds.css?body=1" for 127.0.0.1 at 2012-09-19 19:44:09 +0100
Served asset /scaffolds.css - 304 Not Modified (0ms)


Started GET "/assets/microposts.css?body=1" for 127.0.0.1 at 2012-09-19 19:44:09 +0100
Served asset /microposts.css - 304 Not Modified (0ms)


Started GET "/assets/users.js?body=1" for 127.0.0.1 at 2012-09-19 19:44:09 +0100
Served asset /users.js - 304 Not Modified (0ms)


Started GET "/assets/users.css?body=1" for 127.0.0.1 at 2012-09-19 19:44:09 +0100
Served asset /users.css - 304 Not Modified (0ms)


Started GET "/assets/application.js?body=1" for 127.0.0.1 at 2012-09-19 19:44:09 +0100
Served asset /application.js - 304 Not Modified (0ms)


Started GET "/microposts/new" for 127.0.0.1 at 2012-09-19 19:44:16 +0100
Processing by MicropostsController#new as HTML
  Rendered microposts/_form.html.erb (3.3ms)
  Rendered microposts/new.html.erb within layouts/application (5.5ms)
Completed 200 OK in 25ms (Views: 25.0ms | ActiveRecord: 0.0ms)


Started GET "/assets/microposts.js?body=1" for 127.0.0.1 at 2012-09-19 19:44:16 +0100
Served asset /microposts.js - 304 Not Modified (0ms)


Started GET "/assets/scaffolds.css?body=1" for 127.0.0.1 at 2012-09-19 19:44:16 +0100
Served asset /scaffolds.css - 304 Not Modified (1ms)


Started GET "/assets/users.js?body=1" for 127.0.0.1 at 2012-09-19 19:44:16 +0100
Served asset /users.js - 304 Not Modified (0ms)


Started GET "/assets/microposts.css?body=1" for 127.0.0.1 at 2012-09-19 19:44:16 +0100
Served asset /microposts.css - 304 Not Modified (0ms)


Started GET "/assets/application.css?body=1" for 127.0.0.1 at 2012-09-19 19:44:16 +0100
Served asset /application.css - 304 Not Modified (0ms)


Started GET "/assets/users.css?body=1" for 127.0.0.1 at 2012-09-19 19:44:17 +0100
Served asset /users.css - 304 Not Modified (0ms)


Started GET "/assets/application.js?body=1" for 127.0.0.1 at 2012-09-19 19:44:17 +0100
Served asset /application.js - 304 Not Modified (0ms)


Started POST "/microposts" for 127.0.0.1 at 2012-09-19 19:44:23 +0100
Processing by MicropostsController#create as HTML
  Parameters: {"utf8"=>"✓", "authenticity_token"=>"xGmoG2rMWqOPfGjASgEealKdFT+/YJdUENaDUh6VJls=", "micropost"=>{"content"=>"dasfasfsfd fkdsafj djfkjdaskjfladj fkdasfkdaksfjads lfkakskf sj kljsakkajfk fdasfasfsfd fkdsafj djfkjdaskjfladj fkdasfkdaksfjads lfkakskf sj kljsakkajfk fdasfasfsfd fkdsafj djfkjdaskjfladj fkdasfkdaksfjads lfkakskf sj kljsakkajfk fdasfasfsfd fkdsafj djfkjdaskjfladj fkdasfkdaksfjads lfkakskf sj kljsakkajfk fdasfasfsfd fkdsafj djfkjdaskjfladj fkdasfkdaksfjads lfkakskf sj kljsakkajfk fdasfasfsfd fkdsafj djfkjdaskjfladj fkdasfkdaksfjads lfkakskf sj kljsakkajfk fdasfasfsfd fkdsafj djfkjdaskjfladj fkdasfkdaksfjads lfkakskf sj kljsakkajfk f", "user_id"=>"3"}, "commit"=>"Create Micropost"}
  [1m[36m (0.1ms)[0m  [1mbegin transaction[0m
  [1m[35m (0.2ms)[0m  rollback transaction
  Rendered microposts/_form.html.erb (7.6ms)
  Rendered microposts/new.html.erb within layouts/application (9.1ms)
Completed 200 OK in 38ms (Views: 33.0ms | ActiveRecord: 0.3ms)


Started GET "/assets/microposts.js?body=1" for 127.0.0.1 at 2012-09-19 19:44:23 +0100
Served asset /microposts.js - 304 Not Modified (0ms)


Started GET "/assets/scaffolds.css?body=1" for 127.0.0.1 at 2012-09-19 19:44:23 +0100
Served asset /scaffolds.css - 304 Not Modified (0ms)


Started GET "/assets/application.css?body=1" for 127.0.0.1 at 2012-09-19 19:44:23 +0100
Served asset /application.css - 304 Not Modified (0ms)


Started GET "/assets/users.css?body=1" for 127.0.0.1 at 2012-09-19 19:44:23 +0100
Served asset /users.css - 304 Not Modified (0ms)


Started GET "/assets/microposts.css?body=1" for 127.0.0.1 at 2012-09-19 19:44:23 +0100
Served asset /microposts.css - 304 Not Modified (0ms)


Started GET "/assets/users.js?body=1" for 127.0.0.1 at 2012-09-19 19:44:23 +0100
Served asset /users.js - 304 Not Modified (0ms)


Started GET "/assets/application.js?body=1" for 127.0.0.1 at 2012-09-19 19:44:23 +0100
Served asset /application.js - 304 Not Modified (0ms)


Started GET "/microposts" for 127.0.0.1 at 2012-09-19 19:44:26 +0100
Processing by MicropostsController#index as HTML
  [1m[36mMicropost Load (0.2ms)[0m  [1mSELECT "microposts".* FROM "microposts" [0m
  Rendered microposts/index.html.erb within layouts/application (6.2ms)
Completed 200 OK in 31ms (Views: 29.0ms | ActiveRecord: 0.2ms)


Started GET "/assets/application.css?body=1" for 127.0.0.1 at 2012-09-19 19:44:26 +0100
Served asset /application.css - 304 Not Modified (0ms)


Started GET "/assets/microposts.css?body=1" for 127.0.0.1 at 2012-09-19 19:44:26 +0100
Served asset /microposts.css - 304 Not Modified (0ms)


Started GET "/assets/users.css?body=1" for 127.0.0.1 at 2012-09-19 19:44:26 +0100
Served asset /users.css - 304 Not Modified (0ms)


Started GET "/assets/users.js?body=1" for 127.0.0.1 at 2012-09-19 19:44:26 +0100
Served asset /users.js - 304 Not Modified (0ms)


Started GET "/assets/scaffolds.css?body=1" for 127.0.0.1 at 2012-09-19 19:44:26 +0100
Served asset /scaffolds.css - 304 Not Modified (0ms)


Started GET "/assets/application.js?body=1" for 127.0.0.1 at 2012-09-19 19:44:26 +0100
Served asset /application.js - 304 Not Modified (0ms)


Started GET "/assets/microposts.js?body=1" for 127.0.0.1 at 2012-09-19 19:44:26 +0100
Served asset /microposts.js - 304 Not Modified (0ms)
Connecting to database specified by database.yml
